<?xml version="1.0" encoding="UTF-8"?>
<testsuite xmlns:xsi="http://www.w3.org/2001/XMLSchema-instance" xsi:noNamespaceSchemaLocation="https://maven.apache.org/surefire/maven-surefire-plugin/xsd/surefire-test-report.xsd" name="wniemiec.util.logger.DebugLoggerTest" time="0.126" tests="10" errors="0" skipped="0" failures="0">
  <properties>
    <property name="sun.desktop" value="windows"/>
    <property name="awt.toolkit" value="sun.awt.windows.WToolkit"/>
    <property name="java.specification.version" value="12"/>
    <property name="sun.cpu.isalist" value="amd64"/>
    <property name="sun.jnu.encoding" value="Cp1252"/>
    <property name="java.class.path" value="C:\Users\william\Documents\workspace\eclipse-2020-09\utils\Logger\java\target\test-classes;C:\Users\william\Documents\workspace\eclipse-2020-09\utils\Logger\java\target\classes;C:\Users\william\.m2\repository\junit\junit\4.11\junit-4.11.jar;C:\Users\william\.m2\repository\org\hamcrest\hamcrest-core\1.3\hamcrest-core-1.3.jar;"/>
    <property name="java.vm.vendor" value="Oracle Corporation"/>
    <property name="sun.arch.data.model" value="64"/>
    <property name="user.variant" value=""/>
    <property name="java.vendor.url" value="https://java.oracle.com/"/>
    <property name="user.timezone" value="America/Sao_Paulo"/>
    <property name="os.name" value="Windows 10"/>
    <property name="java.vm.specification.version" value="12"/>
    <property name="sun.java.launcher" value="SUN_STANDARD"/>
    <property name="user.country" value="BR"/>
    <property name="sun.boot.library.path" value="C:\Program Files\Java\jdk-12.0.2\bin"/>
    <property name="sun.java.command" value="C:\Users\william\AppData\Local\Temp\surefire4770214954788600401\surefirebooter4383749023584495696.jar C:\Users\william\AppData\Local\Temp\surefire4770214954788600401 2021-02-07T21-12-40_636-jvmRun1 surefire17824428267446159420tmp surefire_013961682037690246983tmp"/>
    <property name="jdk.debug" value="release"/>
    <property name="surefire.test.class.path" value="C:\Users\william\Documents\workspace\eclipse-2020-09\utils\Logger\java\target\test-classes;C:\Users\william\Documents\workspace\eclipse-2020-09\utils\Logger\java\target\classes;C:\Users\william\.m2\repository\junit\junit\4.11\junit-4.11.jar;C:\Users\william\.m2\repository\org\hamcrest\hamcrest-core\1.3\hamcrest-core-1.3.jar;"/>
    <property name="sun.cpu.endian" value="little"/>
    <property name="user.home" value="C:\Users\william"/>
    <property name="user.language" value="pt"/>
    <property name="java.specification.vendor" value="Oracle Corporation"/>
    <property name="java.version.date" value="2019-07-16"/>
    <property name="java.home" value="C:\Program Files\Java\jdk-12.0.2"/>
    <property name="file.separator" value="\"/>
    <property name="basedir" value="C:\Users\william\Documents\workspace\eclipse-2020-09\utils\Logger\java"/>
    <property name="java.vm.compressedOopsMode" value="32-bit"/>
    <property name="line.separator" value="&#10;"/>
    <property name="java.vm.specification.vendor" value="Oracle Corporation"/>
    <property name="java.specification.name" value="Java Platform API Specification"/>
    <property name="java.awt.graphicsenv" value="sun.awt.Win32GraphicsEnvironment"/>
    <property name="surefire.real.class.path" value="C:\Users\william\AppData\Local\Temp\surefire4770214954788600401\surefirebooter4383749023584495696.jar"/>
    <property name="user.script" value=""/>
    <property name="sun.management.compiler" value="HotSpot 64-Bit Tiered Compilers"/>
    <property name="java.runtime.version" value="12.0.2+10"/>
    <property name="user.name" value="william"/>
    <property name="path.separator" value=";"/>
    <property name="os.version" value="10.0"/>
    <property name="java.runtime.name" value="Java(TM) SE Runtime Environment"/>
    <property name="file.encoding" value="Cp1252"/>
    <property name="java.vm.name" value="Java HotSpot(TM) 64-Bit Server VM"/>
    <property name="localRepository" value="C:\Users\william\.m2\repository"/>
    <property name="java.vendor.url.bug" value="https://bugreport.java.com/bugreport/"/>
    <property name="java.io.tmpdir" value="C:\Users\william\AppData\Local\Temp\"/>
    <property name="java.version" value="12.0.2"/>
    <property name="user.dir" value="C:\Users\william\Documents\workspace\eclipse-2020-09\utils\Logger\java"/>
    <property name="os.arch" value="amd64"/>
    <property name="java.vm.specification.name" value="Java Virtual Machine Specification"/>
    <property name="sun.os.patch.level" value=""/>
    <property name="java.library.path" value="C:\Program Files\Java\jdk-12.0.2\bin;C:\Windows\Sun\Java\bin;C:\Windows\system32;C:\Windows;C:\Users\william\bin;C:\Program Files\Git\mingw64\bin;C:\Program Files\Git\usr\local\bin;C:\Program Files\Git\usr\bin;C:\Program Files\Git\usr\bin;C:\Program Files\Git\mingw64\bin;C:\Program Files\Git\usr\bin;C:\Users\william\bin;C:\ProgramData\Miniconda3;C:\ProgramData\Miniconda3\Library\mingw-w64\bin;C:\ProgramData\Miniconda3\Library\usr\bin;C:\ProgramData\Miniconda3\Library\bin;C:\ProgramData\Miniconda3\Scripts;C:\Windows\system32;C:\Windows;C:\Windows\System32\Wbem;C:\Windows\System32\WindowsPowerShell\v1.0;C:\Windows\System32\OpenSSH;C:\Program Files\Git\cmd;C:\Program Files\Microsoft VS Code\bin;C:\Program Files\Java\jdk-12.0.2\bin;C:\Program Files\MATLAB\R2012b\runtime\win64;C:\Program Files\MATLAB\R2012b\bin;C:\Program Files\Graphviz 2.44.1\bin;C:\Program Files (x86)\Windows Kits\8.1\Windows Performance Toolkit;C:\wamp64\bin\php\php5.6.40;C:\ProgramData\ComposerSetup\bin;C:\Program Files\nodejs;C:\Users\william\AppData\Local\Android\Sdk\platform-tools;C:\Program Files\apache-maven-3.6.3\bin;C:\Users\william\AppData\Local\Microsoft\WindowsApps;C:\Users\william\AppData\Roaming\Composer\vendor\bin;C:\Users\william\AppData\Roaming\npm;C:\Program Files\Git\usr\bin\vendor_perl;C:\Program Files\Git\usr\bin\core_perl;."/>
    <property name="java.vm.info" value="mixed mode, sharing"/>
    <property name="java.vendor" value="Oracle Corporation"/>
    <property name="java.vm.version" value="12.0.2+10"/>
    <property name="sun.io.unicode.encoding" value="UnicodeLittle"/>
    <property name="java.class.version" value="56.0"/>
  </properties>
  <testcase name="testErrorMessage" classname="wniemiec.util.logger.DebugLoggerTest" time="0.016"/>
  <testcase name="testInfoMessage" classname="wniemiec.util.logger.DebugLoggerTest" time="0.003"/>
  <testcase name="testDebugMessage" classname="wniemiec.util.logger.DebugLoggerTest" time="0.003"/>
  <testcase name="testLevel" classname="wniemiec.util.logger.DebugLoggerTest" time="0"/>
  <testcase name="testNullInfoMessage" classname="wniemiec.util.logger.DebugLoggerTest" time="0"/>
  <testcase name="testWarnMessage" classname="wniemiec.util.logger.DebugLoggerTest" time="0.007"/>
  <testcase name="testNullErrorMessage" classname="wniemiec.util.logger.DebugLoggerTest" time="0"/>
  <testcase name="testNullWarnMessage" classname="wniemiec.util.logger.DebugLoggerTest" time="0"/>
  <testcase name="testNullDebugMessage" classname="wniemiec.util.logger.DebugLoggerTest" time="0"/>
  <testcase name="testNullLevel" classname="wniemiec.util.logger.DebugLoggerTest" time="0"/>
</testsuite>